2014-2-25 9:31:44 org.apache.catalina.startup.Catalina start
信息: Server startup in 733 ms

2014-2-25 18:08:02 org.apache.coyote.http11.Http11Protocol pause
信息: Pausing Coyote HTTP/1.1 on http-8080
2014-2-25 18:08:02 org.apache.coyote.http11.Http11Protocol pause
信息: Pausing Coyote HTTP/1.1 on http-443
2014-2-25 18:08:03 org.apache.catalina.core.StandardService stop
信息: Stopping service Catalina
2014-2-25 18:08:03 org.apache.catalina.loader.WebappClassLoader clearReferencesJdbc
严重: The web application [] registered the JDBC driver [com.mysql.jdbc.Driver] but failed to unregister it when the web application was stopped. To prevent a memory leak, the JDBC Driver has been forcibly unregistered.
2014-2-25 18:08:03 org.apache.catalina.loader.WebappClassLoader checkThreadLocalMapForLeaks
严重: The web application [] created a ThreadLocal with key of type [java.lang.ThreadLocal] (value [java.lang.ThreadLocal@2f473a2e]) and a value of type [com.ibatis.sqlmap.engine.impl.SqlMapSessionImpl] (value [com.ibatis.sqlmap.engine.impl.SqlMapSessionImpl@6d3cba41]) but failed to remove it when the web application was stopped. This is very likely to create a memory leak.
2014-2-25 18:08:03 org.apache.catalina.loader.WebappClassLoader checkThreadLocalMapForLeaks
严重: The web application [] created a ThreadLocal with key of type [java.lang.ThreadLocal] (value [java.lang.ThreadLocal@2de8396e]) and a value of type [com.ibatis.sqlmap.engine.impl.SqlMapSessionImpl] (value [com.ibatis.sqlmap.engine.impl.SqlMapSessionImpl@69127c4d]) but failed to remove it when the web application was stopped. This is very likely to create a memory leak.
2014-2-25 18:08:03 org.apache.catalina.loader.WebappClassLoader checkThreadLocalMapForLeaks
严重: The web application [] created a ThreadLocal with key of type [java.lang.ThreadLocal] (value [java.lang.ThreadLocal@3c9ed91f]) and a value of type [com.ibatis.sqlmap.engine.impl.SqlMapSessionImpl] (value [com.ibatis.sqlmap.engine.impl.SqlMapSessionImpl@60c0a150]) but failed to remove it when the web application was stopped. This is very likely to create a memory leak.
2014-2-25 18:08:03 org.apache.catalina.loader.WebappClassLoader checkThreadLocalMapForLeaks
严重: The web application [] created a ThreadLocal with key of type [java.lang.ThreadLocal] (value [java.lang.ThreadLocal@69ebcd0]) and a value of type [com.ibatis.sqlmap.engine.mapping.result.ResultObjectFactoryUtil.FactorySettings] (value [com.ibatis.sqlmap.engine.mapping.result.ResultObjectFactoryUtil$FactorySettings@8f5cbda]) but failed to remove it when the web application was stopped. This is very likely to create a memory leak.
2014-2-25 18:08:03 org.apache.catalina.loader.WebappClassLoader checkThreadLocalMapForLeaks
严重: The web application [] created a ThreadLocal with key of type [java.lang.ThreadLocal] (value [java.lang.ThreadLocal@411a59ce]) and a value of type [com.ibatis.sqlmap.engine.impl.SqlMapSessionImpl] (value [com.ibatis.sqlmap.engine.impl.SqlMapSessionImpl@28fe04c6]) but failed to remove it when the web application was stopped. This is very likely to create a memory leak.
2014-2-25 18:08:03 org.apache.catalina.loader.WebappClassLoader checkThreadLocalMapForLeaks
严重: The web application [] created a ThreadLocal with key of type [java.lang.ThreadLocal] (value [java.lang.ThreadLocal@3ceb7830]) and a value of type [com.ibatis.sqlmap.engine.impl.SqlMapSessionImpl] (value [com.ibatis.sqlmap.engine.impl.SqlMapSessionImpl@71fb68f]) but failed to remove it when the web application was stopped. This is very likely to create a memory leak.
2014-2-25 18:08:03 org.apache.catalina.loader.WebappClassLoader checkThreadLocalMapForLeaks
严重: The web application [] created a ThreadLocal with key of type [java.lang.ThreadLocal] (value [java.lang.ThreadLocal@330a69f0]) and a value of type [com.ibatis.sqlmap.engine.impl.SqlMapSessionImpl] (value [com.ibatis.sqlmap.engine.impl.SqlMapSessionImpl@70b125bd]) but failed to remove it when the web application was stopped. This is very likely to create a memory leak.
2014-2-25 18:08:03 org.apache.catalina.loader.WebappClassLoader checkThreadLocalMapForLeaks
严重: The web application [] created a ThreadLocal with key of type [net.sf.json.AbstractJSON$1] (value [net.sf.json.AbstractJSON$1@7e24d517]) and a value of type [java.util.HashSet] (value [[]]) but failed to remove it when the web application was stopped. This is very likely to create a memory leak.
2014-2-25 18:08:03 org.apache.catalina.loader.WebappClassLoader checkThreadLocalMapForLeaks
严重: The web application [] created a ThreadLocal with key of type [java.lang.ThreadLocal] (value [java.lang.ThreadLocal@242219b4]) and a value of type [com.ibatis.sqlmap.engine.impl.SqlMapSessionImpl] (value [com.ibatis.sqlmap.engine.impl.SqlMapSessionImpl@3ac58af4]) but failed to remove it when the web application was stopped. This is very likely to create a memory leak.
2014-2-25 18:08:03 org.apache.catalina.loader.WebappClassLoader checkThreadLocalMapForLeaks
严重: The web application [] created a ThreadLocal with key of type [java.lang.ThreadLocal] (value [java.lang.ThreadLocal@7f25b750]) and a value of type [com.ibatis.sqlmap.engine.impl.SqlMapSessionImpl] (value [com.ibatis.sqlmap.engine.impl.SqlMapSessionImpl@5262667]) but failed to remove it when the web application was stopped. This is very likely to create a memory leak.
2014-2-25 18:08:03 org.apache.catalina.loader.WebappClassLoader checkThreadLocalMapForLeaks
严重: The web application [] created a ThreadLocal with key of type [net.sf.json.AbstractJSON$1] (value [net.sf.json.AbstractJSON$1@7e24d517]) and a value of type [java.util.HashSet] (value [[]]) but failed to remove it when the web application was stopped. This is very likely to create a memory leak.
2014-2-25 18:08:03 org.apache.catalina.loader.WebappClassLoader checkThreadLocalMapForLeaks
严重: The web application [] created a ThreadLocal with key of type [java.lang.ThreadLocal] (value [java.lang.ThreadLocal@ba336d5]) and a value of type [com.ibatis.sqlmap.engine.impl.SqlMapSessionImpl] (value [com.ibatis.sqlmap.engine.impl.SqlMapSessionImpl@864dfeb]) but failed to remove it when the web application was stopped. This is very likely to create a memory leak.
2014-2-25 18:08:03 org.apache.catalina.loader.WebappClassLoader checkThreadLocalMapForLeaks
严重: The web application [] created a ThreadLocal with key of type [java.lang.ThreadLocal] (value [java.lang.ThreadLocal@69ebcd0]) and a value of type [com.ibatis.sqlmap.engine.mapping.result.ResultObjectFactoryUtil.FactorySettings] (value [com.ibatis.sqlmap.engine.mapping.result.ResultObjectFactoryUtil$FactorySettings@16a8c19b]) but failed to remove it when the web application was stopped. This is very likely to create a memory leak.
2014-2-25 18:08:03 org.apache.catalina.loader.WebappClassLoader checkThreadLocalMapForLeaks
严重: The web application [] created a ThreadLocal with key of type [net.sf.json.AbstractJSON$1] (value [net.sf.json.AbstractJSON$1@7e24d517]) and a value of type [java.util.HashSet] (value [[]]) but failed to remove it when the web application was stopped. This is very likely to create a memory leak.
2014-2-25 18:08:03 org.apache.catalina.loader.WebappClassLoader checkThreadLocalMapForLeaks
严重: The web application [] created a ThreadLocal with key of type [java.lang.ThreadLocal] (value [java.lang.ThreadLocal@69ebcd0]) and a value of type [com.ibatis.sqlmap.engine.mapping.result.ResultObjectFactoryUtil.FactorySettings] (value [com.ibatis.sqlmap.engine.mapping.result.ResultObjectFactoryUtil$FactorySettings@213eb2bc]) but failed to remove it when the web application was stopped. This is very likely to create a memory leak.
2014-2-25 18:08:03 org.apache.coyote.http11.Http11Protocol destroy
信息: Stopping Coyote HTTP/1.1 on http-8080
2014-2-25 18:08:03 org.apache.coyote.http11.Http11Protocol destroy
信息: Stopping Coyote HTTP/1.1 on http-443
